<?xml version="1.0" encoding="UTF-8"?>
<!-- Generated by org.testng.reporters.JUnitReportReporter -->
<testsuite name="com.learnautomation.testcases.LoginTestCRM" tests="1" time="23.873" ignored="0" failures="0" timestamp="14 Mar 2020 16:21:01 GMT" skipped="0" hostname="DESKTOP-2LU172B" errors="0">
  <testcase name="loginApp" time="23.873" classname="com.learnautomation.testcases.LoginTestCRM"/>
</testsuite> <!-- com.learnautomation.testcases.LoginTestCRM -->
